2022-08-03 11:56:36,655 INFO  [Log] Application Opened 
2022-08-03 11:56:38,439 INFO  [Log] Login Completed  
2022-08-03 11:56:38,514 INFO  [Log] Logout Completed  
2022-08-03 11:56:38,874 INFO  [Log] Application Closed 
2022-08-03 11:56:40,847 INFO  [Log] Application Opened 
2022-08-03 11:56:42,568 INFO  [Log] Login Completed  
2022-08-03 11:56:42,617 INFO  [Log] Enterd into Frame  
2022-08-03 11:56:48,415 INFO  [Log] New emp added  
2022-08-03 11:56:48,422 INFO  [Log] exit into frame 
2022-08-03 11:56:48,501 INFO  [Log] Logout Completed  
2022-08-03 11:56:48,876 INFO  [Log] Application Closed 
2022-08-03 11:57:17,641 INFO  [Log] Application Opened 
2022-08-03 11:57:19,565 INFO  [Log] Login Completed  
2022-08-03 11:57:19,639 INFO  [Log] Logout Completed  
2022-08-03 11:57:19,885 INFO  [Log] Application Closed 
2022-08-03 11:57:24,686 INFO  [Log] Application Opened 
2022-08-03 11:57:26,148 INFO  [Log] Login Completed  
2022-08-03 11:57:26,193 INFO  [Log] Enterd into Frame  
2022-08-03 11:57:30,531 INFO  [Log] New emp added  
2022-08-03 11:57:30,538 INFO  [Log] exit into frame 
2022-08-03 11:57:30,597 INFO  [Log] Logout Completed  
2022-08-03 11:57:30,932 INFO  [Log] Application Closed 
2022-08-03 12:04:23,914 INFO  [Log] Application Opened 
2022-08-03 12:04:25,456 INFO  [Log] Login Completed  
2022-08-03 12:04:25,526 INFO  [Log] Logout Completed  
2022-08-03 12:04:25,830 INFO  [Log] Application Closed 
2022-08-03 12:04:29,281 INFO  [Log] Application Opened 
2022-08-03 12:04:32,595 INFO  [Log] Login Completed  
2022-08-03 12:04:32,675 INFO  [Log] Enterd into Frame  
2022-08-03 12:04:39,927 INFO  [Log] New emp added  
2022-08-03 12:04:39,935 INFO  [Log] exit into frame 
2022-08-03 12:04:39,995 INFO  [Log] Logout Completed  
2022-08-03 12:04:40,250 INFO  [Log] Application Closed 
2022-08-03 12:06:55,883 INFO  [Log] Application Opened 
2022-08-03 12:06:57,723 INFO  [Log] Login Completed  
2022-08-03 12:06:57,808 INFO  [Log] Logout Completed  
2022-08-03 12:06:58,129 INFO  [Log] Application Closed 
2022-08-03 12:07:01,242 INFO  [Log] Application Opened 
2022-08-03 12:07:03,714 INFO  [Log] Login Completed  
2022-08-03 12:07:03,783 INFO  [Log] Enterd into Frame  
2022-08-03 12:07:08,241 INFO  [Log] New emp added  
2022-08-03 12:07:08,249 INFO  [Log] exit into frame 
2022-08-03 12:07:08,311 INFO  [Log] Logout Completed  
2022-08-03 12:07:08,672 INFO  [Log] Application Closed 
2022-08-03 12:11:40,999 INFO  [xml] Application Opened 
2022-08-03 12:11:42,832 INFO  [xml] Login Completed  
2022-08-03 12:11:42,943 INFO  [xml] Logout Completed  
2022-08-03 12:11:43,371 INFO  [xml] Application Closed 
2022-08-03 12:11:45,693 INFO  [xml] Application Opened 
2022-08-03 12:11:47,586 INFO  [xml] Login Completed  
2022-08-03 12:11:47,668 INFO  [xml] Enterd into Frame  
2022-08-03 12:11:52,196 INFO  [xml] New emp added  
2022-08-03 12:11:52,203 INFO  [xml] exit into frame 
2022-08-03 12:11:52,272 INFO  [xml] Logout Completed  
2022-08-03 12:11:52,728 INFO  [xml] Application Closed 
2022-08-03 12:15:50,743 INFO  [Log] Application Opened 
2022-08-03 12:15:57,004 INFO  [Log] Login Completed  
2022-08-03 12:15:57,088 INFO  [Log] Enterd into Frame  
2022-08-03 12:16:05,061 INFO  [Log] New emp added  
2022-08-03 12:16:05,077 INFO  [Log] exit into frame 
2022-08-03 12:16:05,193 INFO  [Log] Logout Completed  
2022-08-03 12:16:05,766 INFO  [Log] Application Closed 
2022-08-03 12:24:08,718 INFO  [Log] Application Opened 
2022-08-03 12:24:10,181 INFO  [Log] Login Completed  
2022-08-03 12:24:10,253 INFO  [Log] Logout Completed  
2022-08-03 12:24:10,596 INFO  [Log] Application Closed 
2022-08-03 12:27:07,133 INFO  [Log] Application Opened 
2022-08-03 12:27:11,193 INFO  [Log] Login Completed  
2022-08-03 12:27:11,282 INFO  [Log] Logout Completed  
2022-08-03 12:27:11,634 INFO  [Log] Application Closed 
